<?xml version="1.0" encoding="UTF-8"?>
<!-- Generated by org.testng.reporters.JUnitReportReporter -->
<testsuite skipped="0" hostname="khosruzs-MBP.lan" name="com.Home.DataProviderFinal" tests="3" failures="0" timestamp="2021-12-07T21:56:53 EST" time="0.003" errors="0">
  <testcase name="userTest" time="0.001" classname="com.Home.DataProviderFinal"/>
  <system-out/>
  <testcase name="userTest" time="0.001" classname="com.Home.DataProviderFinal"/>
  <system-out/>
  <testcase name="userTest" time="0.001" classname="com.Home.DataProviderFinal"/>
  <system-out/>
</testsuite> <!-- com.Home.DataProviderFinal -->
