<?xml version="1.0" encoding="UTF-8"?>
<!-- Generated by org.testng.reporters.JUnitReportReporter -->
<testsuite hostname="DESKTOP-A7ACS09" failures="0" tests="1" name="com.tests.HomePageTest" time="3.909" errors="0" timestamp="2021-12-27T20:41:21 EST" skipped="0">
  <testcase classname="com.tests.HomePageTest" name="verifyCurrencyListTest" time="3.909"/>
  <system-out/>
</testsuite> <!-- com.tests.HomePageTest -->
