<?xml version="1.0" encoding="UTF-8"?>
<!-- Generated by org.testng.reporters.JUnitReportReporter -->
<testsuite skipped="0" hostname="khosruzs-MBP.lan" name="com.tests.LoginPageTest" tests="1" failures="0" timestamp="2021-12-28T19:35:48 EST" time="8.973" errors="0">
  <testcase name="validateUserNameTest" time="8.973" classname="com.tests.LoginPageTest"/>
  <system-out/>
</testsuite> <!-- com.tests.LoginPageTest -->
