<?xml version="1.0" encoding="UTF-8"?>
<!-- Generated by org.testng.reporters.JUnitReportReporter -->
<testsuite skipped="1" hostname="khosruzs-MBP.lan" name="com.tests.RegistrationPageTest" tests="1" failures="0" timestamp="2021-12-28T22:47:51 EST" time="0.000" errors="0">
  <testcase name="insertNewUserDetailsTest" time="0.000" classname="com.tests.RegistrationPageTest">
    <skipped/>
  </testcase> <!-- insertNewUserDetailsTest -->
  <system-out/>
</testsuite> <!-- com.tests.RegistrationPageTest -->
