<?xml version="1.0" encoding="UTF-8"?>
<!-- Generated by org.testng.reporters.JUnitReportReporter -->
<testsuite skipped="0" hostname="khosruzs-MBP.lan" name="ReadWriteData.ExcelData.WriteData" tests="1" failures="0" timestamp="2021-12-13T23:08:05 EST" time="0.740" errors="0">
  <testcase name="writeData" time="0.740" classname="ReadWriteData.ExcelData.WriteData"/>
  <system-out/>
</testsuite> <!-- ReadWriteData.ExcelData.WriteData -->
