<?xml version="1.0" encoding="UTF-8"?>
<!-- Generated by org.testng.reporters.JUnitReportReporter -->
<testsuite skipped="0" hostname="khosruzs-MBP.lan" name="ReadWriteData.ExcelData.ReadData" tests="1" failures="0" timestamp="2021-12-15T21:29:57 EST" time="0.876" errors="0">
  <testcase name="readData" time="0.876" classname="ReadWriteData.ExcelData.ReadData"/>
  <system-out/>
</testsuite> <!-- ReadWriteData.ExcelData.ReadData -->
