<?xml version="1.0" encoding="UTF-8"?>
<!-- Generated by org.testng.reporters.JUnitReportReporter -->
<testsuite skipped="0" hostname="khosruzs-MBP.lan" name="ReadWriteData.ExcelData.WriteData" tests="2" failures="0" timestamp="2021-12-16T14:47:15 EST" time="0.917" errors="0">
  <testcase name="readData" time="0.910" classname="ReadWriteData.ExcelData.WriteData"/>
  <system-out/>
  <testcase name="readDAta" time="0.007" classname="ReadWriteData.ExcelData.WriteData"/>
  <system-out/>
</testsuite> <!-- ReadWriteData.ExcelData.WriteData -->
